This is pdfTeX, Version 3.14159265-2.6-1.40.20 (TeX Live 2019/W32TeX) (preloaded format=pdflatex 2020.3.20)  1 APR 2020 18:19
entering extended mode
 restricted \write18 enabled.
 file:line:error style messages enabled.
 %&-line parsing enabled.
**e:/CQU/Last/DCGAN/Notebook/Notebook.tex
(e:/CQU/Last/DCGAN/Notebook/Notebook.tex
LaTeX2e <2020-02-02> patch level 5
L3 programming layer <2020-02-25> (d:/texlive/2019/texmf-dist/tex/latex/ctex/ctexart.cls (d:/texlive/2019/texmf-dist/tex/latex/l3kernel/expl3.sty
Package: expl3 2020-02-25 L3 programming layer (loader) 
 (d:/texlive/2019/texmf-dist/tex/latex/l3backend/l3backend-pdfmode.def
File: l3backend-pdfmode.def 2020-02-23 L3 backend support: PDF mode
\l__kernel_color_stack_int=\count167
\l__pdf_internal_box=\box45
))
Document Class: ctexart 2019/05/29 v2.4.16 Chinese adapter for class article (CTEX)
(d:/texlive/2019/texmf-dist/tex/latex/l3packages/xparse/xparse.sty
Package: xparse 2020-02-25 L3 Experimental document command parser
\l__xparse_current_arg_int=\count168
\g__xparse_grabber_int=\count169
\l__xparse_m_args_int=\count170
\l__xparse_v_nesting_int=\count171
) (d:/texlive/2019/texmf-dist/tex/latex/l3packages/l3keys2e/l3keys2e.sty
Package: l3keys2e 2020-02-25 LaTeX2e option processing using LaTeX3 keys
) (d:/texlive/2019/texmf-dist/tex/latex/ctex/ctexhook.sty
Package: ctexhook 2019/05/29 v2.4.16 Document and package hooks (CTEX)
) (d:/texlive/2019/texmf-dist/tex/latex/ctex/ctexpatch.sty
Package: ctexpatch 2019/05/29 v2.4.16 Patching commands (CTEX)
) (d:/texlive/2019/texmf-dist/tex/latex/base/fix-cm.sty
Package: fix-cm 2015/01/14 v1.1t fixes to LaTeX
 (d:/texlive/2019/texmf-dist/tex/latex/base/ts1enc.def
File: ts1enc.def 2001/06/05 v3.0e (jk/car/fm) Standard LaTeX file
LaTeX Font Info:    Redeclaring font encoding TS1 on input line 47.
)) (d:/texlive/2019/texmf-dist/tex/latex/ms/everysel.sty
Package: everysel 2011/10/28 v1.2 EverySelectfont Package (MS)
)
\l__ctex_tmp_int=\count172
\l__ctex_tmp_box=\box46
\l__ctex_tmp_dim=\dimen134
\g__ctex_section_depth_int=\count173
\g__ctex_font_size_int=\count174
 (d:/texlive/2019/texmf-dist/tex/latex/ctex/config/ctexopts.cfg
File: ctexopts.cfg 2019/05/29 v2.4.16 Option configuration file (CTEX)
) (d:/texlive/2019/texmf-dist/tex/latex/base/article.cls
Document Class: article 2019/12/20 v1.4l Standard LaTeX document class
(d:/texlive/2019/texmf-dist/tex/latex/base/size10.clo
File: size10.clo 2019/12/20 v1.4l Standard LaTeX file (size option)
)
\c@part=\count175
\c@section=\count176
\c@subsection=\count177
\c@subsubsection=\count178
\c@paragraph=\count179
\c@subparagraph=\count180
\c@figure=\count181
\c@table=\count182
\abovecaptionskip=\skip47
\belowcaptionskip=\skip48
\bibindent=\dimen135
) (d:/texlive/2019/texmf-dist/tex/latex/ctex/engine/ctex-engine-pdftex.def
File: ctex-engine-pdftex.def 2019/05/29 v2.4.16 (pdf)LaTeX adapter (CTEX)
 (d:/texlive/2019/texmf-dist/tex/latex/cjk/texinput/CJKutf8.sty
Package: CJKutf8 2015/04/18 4.8.4
 (d:/texlive/2019/texmf-dist/tex/generic/iftex/ifpdf.sty
Package: ifpdf 2019/10/25 v3.4 ifpdf legacy package. Use iftex instead.
 (d:/texlive/2019/texmf-dist/tex/generic/iftex/iftex.sty
Package: iftex 2019/11/07 v1.0c TeX engine tests
)) (d:/texlive/2019/texmf-dist/tex/latex/base/inputenc.sty
Package: inputenc 2018/08/11 v1.3c Input encoding file
\inpenc@prehook=\toks15
\inpenc@posthook=\toks16
) (d:/texlive/2019/texmf-dist/tex/latex/cjk/texinput/CJK.sty
Package: CJK 2015/04/18 4.8.4
 (d:/texlive/2019/texmf-dist/tex/latex/cjk/texinput/mule/MULEenc.sty
Package: MULEenc 2015/04/18 4.8.4
) (d:/texlive/2019/texmf-dist/tex/latex/cjk/texinput/CJK.enc
File: CJK.enc 2015/04/18 4.8.4
Now handling font encoding C00 ...
... no UTF-8 mapping file for font encoding C00
Now handling font encoding C05 ...
... no UTF-8 mapping file for font encoding C05
Now handling font encoding C09 ...
... no UTF-8 mapping file for font encoding C09
Now handling font encoding C10 ...
... no UTF-8 mapping file for font encoding C10
Now handling font encoding C20 ...
... no UTF-8 mapping file for font encoding C20
Now handling font encoding C19 ...
... no UTF-8 mapping file for font encoding C19
Now handling font encoding C40 ...
... no UTF-8 mapping file for font encoding C40
Now handling font encoding C42 ...
... no UTF-8 mapping file for font encoding C42
Now handling font encoding C43 ...
... no UTF-8 mapping file for font encoding C43
Now handling font encoding C50 ...
... no UTF-8 mapping file for font encoding C50
Now handling font encoding C52 ...
... no UTF-8 mapping file for font encoding C52
Now handling font encoding C49 ...
... no UTF-8 mapping file for font encoding C49
Now handling font encoding C60 ...
... no UTF-8 mapping file for font encoding C60
Now handling font encoding C61 ...
... no UTF-8 mapping file for font encoding C61
Now handling font encoding C63 ...
... no UTF-8 mapping file for font encoding C63
Now handling font encoding C64 ...
... no UTF-8 mapping file for font encoding C64
Now handling font encoding C65 ...
... no UTF-8 mapping file for font encoding C65
Now handling font encoding C70 ...
... no UTF-8 mapping file for font encoding C70
Now handling font encoding C31 ...
... no UTF-8 mapping file for font encoding C31
Now handling font encoding C32 ...
... no UTF-8 mapping file for font encoding C32
Now handling font encoding C33 ...
... no UTF-8 mapping file for font encoding C33
Now handling font encoding C34 ...
... no UTF-8 mapping file for font encoding C34
Now handling font encoding C35 ...
... no UTF-8 mapping file for font encoding C35
Now handling font encoding C36 ...
... no UTF-8 mapping file for font encoding C36
Now handling font encoding C37 ...
... no UTF-8 mapping file for font encoding C37
Now handling font encoding C80 ...
... no UTF-8 mapping file for font encoding C80
Now handling font encoding C81 ...
... no UTF-8 mapping file for font encoding C81
Now handling font encoding C01 ...
... no UTF-8 mapping file for font encoding C01
Now handling font encoding C11 ...
... no UTF-8 mapping file for font encoding C11
Now handling font encoding C21 ...
... no UTF-8 mapping file for font encoding C21
Now handling font encoding C41 ...
... no UTF-8 mapping file for font encoding C41
Now handling font encoding C62 ...
... no UTF-8 mapping file for font encoding C62
)
LaTeX Info: Redefining \selectfont on input line 755.
\CJK@indent=\box47
) (d:/texlive/2019/texmf-dist/tex/latex/base/fontenc.sty
Package: fontenc 2020/02/11 v2.0o Standard LaTeX package
)) (d:/texlive/2019/texmf-dist/tex/latex/cjkpunct/CJKpunct.sty
Package: CJKpunct 2016/05/14 4.8.4
\CJKpunct@cnta=\count183
\CJKpunct@cntb=\count184
\CJKpunct@cntc=\count185
\CJKpunct@cntd=\count186
\CJKpunct@cnte=\count187
   defining Unicode char U+2018 (decimal 8216)
   defining Unicode char U+2019 (decimal 8217)
   defining Unicode char U+201C (decimal 8220)
   defining Unicode char U+201D (decimal 8221)
   defining Unicode char U+2014 (decimal 8212)
   defining Unicode char U+2026 (decimal 8230)
 (d:/texlive/2019/texmf-dist/tex/latex/cjkpunct/CJKpunct.spa)) (d:/texlive/2019/texmf-dist/tex/latex/cjk/texinput/CJKspace.sty
Package: CJKspace 2015/04/18 3.8.0
) (d:/texlive/2019/texmf-dist/tex/latex/ctex/ctexspa.def
File: ctexspa.def 2019/05/29 v2.4.16 Space info for CJKpunct (CTEX)
) (d:/texlive/2019/texmf-dist/tex/latex/cjk/texinput/CJKfntef.sty
Package: CJKfntef 2015/04/18 4.8.4
 (d:/texlive/2019/texmf-dist/tex/latex/cjk/texinput/CJKulem.sty
Package: CJKulem 2015/04/18 4.8.4
 (d:/texlive/2019/texmf-dist/tex/generic/ulem/ulem.sty
\UL@box=\box48
\UL@hyphenbox=\box49
\UL@skip=\skip49
\UL@hook=\toks17
\UL@height=\dimen136
\UL@pe=\count188
\UL@pixel=\dimen137
\ULC@box=\box50
Package: ulem 2019/11/18
\ULdepth=\dimen138
)
\UL@lastkern=\dimen139
\CJK@skip=\skip50
)
\CJK@fntefSkip=\skip51
\CJK@nest=\count189
\CJK@fntefDimen=\dimen140
\CJK@underdotBox=\box51
\CJK@ULbox=\box52
\CJK@underanyskip=\dimen141
)
\ccwd=\dimen142
\l__ctex_ccglue_skip=\skip52
)
\l__ctex_ziju_dim=\dimen143
 (d:/texlive/2019/texmf-dist/tex/latex/zhnumber/zhnumber.sty
Package: zhnumber 2019/04/07 v2.7 Typesetting numbers with Chinese glyphs
\l__zhnum_scale_int=\count190
\l__zhnum_byte_min_int=\count191
\l__zhnum_byte_max_int=\count192
 (d:/texlive/2019/texmf-dist/tex/latex/zhnumber/zhnumber-utf8.cfg
File: zhnumber-utf8.cfg 2019/04/07 v2.7 Chinese numerals with UTF8 encoding
))
\l__ctex_heading_skip=\skip53
 (d:/texlive/2019/texmf-dist/tex/latex/ctex/scheme/ctex-scheme-chinese-article.def
File: ctex-scheme-chinese-article.def 2019/05/29 v2.4.16 Chinese scheme for article (CTEX)
 (d:/texlive/2019/texmf-dist/tex/latex/ctex/config/ctex-name-utf8.cfg
File: ctex-name-utf8.cfg 2019/05/29 v2.4.16 Caption with encoding UTF8 (CTEX)
)) (d:/texlive/2019/texmf-dist/tex/latex/ctex/ctex-c5size.clo
File: ctex-c5size.clo 2019/05/29 v2.4.16 c5size option (CTEX)
) (d:/texlive/2019/texmf-dist/tex/latex/ctex/fontset/ctex-fontset-windows.def
File: ctex-fontset-windows.def 2019/05/29 v2.4.16 Windows fonts definition (CTEX)
 (d:/texlive/2019/texmf-dist/tex/latex/ctex/fontset/ctex-fontset-windowsnew.def
File: ctex-fontset-windowsnew.def 2019/05/29 v2.4.16 Windows fonts definition for Vista or later version (CTEX)
 (d:/texlive/2019/texmf-dist/tex/generic/ctex/zhwindowsfonts.tex
File: zhwindowsfonts.tex 2019/05/29 v2.4.16 Windows font map loader for pdfTeX and DVIPDFMx (CTEX)
{d:/texlive/2019/texmf-var/fonts/map/pdftex/updmap/pdftex.map}{UGBK.sfd}{Unicode.sfd})))) (d:/texlive/2019/texmf-dist/tex/latex/ctex/config/ctex.cfg
File: ctex.cfg 2019/05/29 v2.4.16 Configuration file (CTEX)
) (d:/texlive/2019/texmf-dist/tex/latex/amsmath/amsmath.sty
Package: amsmath 2020/01/20 v2.17e AMS math features
\@mathmargin=\skip54

For additional information on amsmath, use the `?' option.
(d:/texlive/2019/texmf-dist/tex/latex/amsmath/amstext.sty
Package: amstext 2000/06/29 v2.01 AMS text
 (d:/texlive/2019/texmf-dist/tex/latex/amsmath/amsgen.sty
File: amsgen.sty 1999/11/30 v2.0 generic functions
\@emptytoks=\toks18
\ex@=\dimen144
)) (d:/texlive/2019/texmf-dist/tex/latex/amsmath/amsbsy.sty
Package: amsbsy 1999/11/29 v1.2d Bold Symbols
\pmbraise@=\dimen145
) (d:/texlive/2019/texmf-dist/tex/latex/amsmath/amsopn.sty
Package: amsopn 2016/03/08 v2.02 operator names
)
\inf@bad=\count193
LaTeX Info: Redefining \frac on input line 227.
\uproot@=\count194
\leftroot@=\count195
LaTeX Info: Redefining \overline on input line 389.
\classnum@=\count196
\DOTSCASE@=\count197
LaTeX Info: Redefining \ldots on input line 486.
LaTeX Info: Redefining \dots on input line 489.
LaTeX Info: Redefining \cdots on input line 610.
\Mathstrutbox@=\box53
\strutbox@=\box54
\big@size=\dimen146
LaTeX Font Info:    Redeclaring font encoding OML on input line 733.
LaTeX Font Info:    Redeclaring font encoding OMS on input line 734.
\macc@depth=\count198
\c@MaxMatrixCols=\count199
\dotsspace@=\muskip16
\c@parentequation=\count266
\dspbrk@lvl=\count267
\tag@help=\toks19
\row@=\count268
\column@=\count269
\maxfields@=\count270
\andhelp@=\toks20
\eqnshift@=\dimen147
\alignsep@=\dimen148
\tagshift@=\dimen149
\tagwidth@=\dimen150
\totwidth@=\dimen151
\lineht@=\dimen152
\@envbody=\toks21
\multlinegap=\skip55
\multlinetaggap=\skip56
\mathdisplay@stack=\toks22
LaTeX Info: Redefining \[ on input line 2859.
LaTeX Info: Redefining \] on input line 2860.
) (d:/texlive/2019/texmf-dist/tex/latex/algorithms/algorithm.sty
Package: algorithm 2009/08/24 v0.1 Document Style `algorithm' - floating environment
 (d:/texlive/2019/texmf-dist/tex/latex/float/float.sty
Package: float 2001/11/08 v1.3d Float enhancements (AL)
\c@float@type=\count271
\float@exts=\toks23
\float@box=\box55
\@float@everytoks=\toks24
\@floatcapt=\box56
) (d:/texlive/2019/texmf-dist/tex/latex/base/ifthen.sty
Package: ifthen 2014/09/29 v1.1c Standard LaTeX ifthen package (DPC)
)
\@float@every@algorithm=\toks25
\c@algorithm=\count272
) (d:/texlive/2019/texmf-dist/tex/latex/algorithmicx/algorithmicx.sty
Package: algorithmicx 2005/04/27 v1.2 Algorithmicx

Document Style algorithmicx 1.2 - a greatly improved `algorithmic' style
\c@ALG@line=\count273
\c@ALG@rem=\count274
\c@ALG@nested=\count275
\ALG@tlm=\skip57
\ALG@thistlm=\skip58
\c@ALG@Lnr=\count276
\c@ALG@blocknr=\count277
\c@ALG@storecount=\count278
\c@ALG@tmpcounter=\count279
\ALG@tmplength=\skip59
) (d:/texlive/2019/texmf-dist/tex/latex/algorithmicx/algpseudocode.sty
Package: algpseudocode 

Document Style - pseudocode environments for use with the `algorithmicx' style
) (d:/texlive/2019/texmf-dist/tex/latex/graphics/graphicx.sty
Package: graphicx 2019/11/30 v1.2a Enhanced LaTeX Graphics (DPC,SPQR)
 (d:/texlive/2019/texmf-dist/tex/latex/graphics/keyval.sty
Package: keyval 2014/10/28 v1.15 key=value parser (DPC)
\KV@toks@=\toks26
) (d:/texlive/2019/texmf-dist/tex/latex/graphics/graphics.sty
Package: graphics 2019/11/30 v1.4a Standard LaTeX Graphics (DPC,SPQR)
 (d:/texlive/2019/texmf-dist/tex/latex/graphics/trig.sty
Package: trig 2016/01/03 v1.10 sin cos tan (DPC)
) (d:/texlive/2019/texmf-dist/tex/latex/graphics-cfg/graphics.cfg
File: graphics.cfg 2016/06/04 v1.11 sample graphics configuration
)
Package graphics Info: Driver file: pdftex.def on input line 105.
 (d:/texlive/2019/texmf-dist/tex/latex/graphics-def/pdftex.def
File: pdftex.def 2018/01/08 v1.0l Graphics/color driver for pdftex
))
\Gin@req@height=\dimen153
\Gin@req@width=\dimen154
) (d:/texlive/2019/texmf-dist/tex/latex/subfigure/subfigure.sty
Package: subfigure 2002/03/15 v2.1.5 subfigure package
\subfigtopskip=\skip60
\subfigcapskip=\skip61
\subfigcaptopadj=\dimen155
\subfigbottomskip=\skip62
\subfigcapmargin=\dimen156
\subfiglabelskip=\skip63
\c@subfigure=\count280
\c@lofdepth=\count281
\c@subtable=\count282
\c@lotdepth=\count283

****************************************
* Local config file subfigure.cfg used *
****************************************
(d:/texlive/2019/texmf-dist/tex/latex/subfigure/subfigure.cfg)
\subfig@top=\skip64
\subfig@bottom=\skip65
) (d:/texlive/2019/texmf-dist/tex/latex/cjk/texinput/UTF8/UTF8.bdg
File: UTF8.bdg 2015/04/18 4.8.4
) (d:/texlive/2019/texmf-dist/tex/latex/cjk/texinput/UTF8/UTF8.enc
File: UTF8.enc 2015/04/18 4.8.4
) (d:/texlive/2019/texmf-dist/tex/latex/cjk/texinput/UTF8/UTF8.chr
File: UTF8.chr 2015/04/18 4.8.4
) (e:\CQU\Last\DCGAN\Notebook/Notebook.aux)
\openout1 = `Notebook.aux'.

LaTeX Font Info:    Checking defaults for OML/cmm/m/it on input line 13.
LaTeX Font Info:    ... okay on input line 13.
LaTeX Font Info:    Checking defaults for OMS/cmsy/m/n on input line 13.
LaTeX Font Info:    ... okay on input line 13.
LaTeX Font Info:    Checking defaults for OT1/cmr/m/n on input line 13.
LaTeX Font Info:    ... okay on input line 13.
LaTeX Font Info:    Checking defaults for T1/cmr/m/n on input line 13.
LaTeX Font Info:    ... okay on input line 13.
LaTeX Font Info:    Checking defaults for TS1/cmr/m/n on input line 13.
LaTeX Font Info:    ... okay on input line 13.
LaTeX Font Info:    Checking defaults for OMX/cmex/m/n on input line 13.
LaTeX Font Info:    ... okay on input line 13.
LaTeX Font Info:    Checking defaults for U/cmr/m/n on input line 13.
LaTeX Font Info:    ... okay on input line 13.
LaTeX Font Info:    Checking defaults for C00/song/m/n on input line 13.
LaTeX Font Info:    ... okay on input line 13.
LaTeX Font Info:    Checking defaults for C05/song/m/n on input line 13.
LaTeX Font Info:    ... okay on input line 13.
LaTeX Font Info:    Checking defaults for C09/song/m/n on input line 13.
LaTeX Font Info:    ... okay on input line 13.
LaTeX Font Info:    Checking defaults for C10/song/m/n on input line 13.
LaTeX Font Info:    ... okay on input line 13.
LaTeX Font Info:    Checking defaults for C20/song/m/n on input line 13.
LaTeX Font Info:    ... okay on input line 13.
LaTeX Font Info:    Checking defaults for C19/song/m/n on input line 13.
LaTeX Font Info:    ... okay on input line 13.
LaTeX Font Info:    Checking defaults for C40/song/m/n on input line 13.
LaTeX Font Info:    ... okay on input line 13.
LaTeX Font Info:    Checking defaults for C42/song/m/n on input line 13.
LaTeX Font Info:    ... okay on input line 13.
LaTeX Font Info:    Checking defaults for C43/song/m/n on input line 13.
LaTeX Font Info:    ... okay on input line 13.
LaTeX Font Info:    Checking defaults for C50/song/m/n on input line 13.
LaTeX Font Info:    ... okay on input line 13.
LaTeX Font Info:    Checking defaults for C52/song/m/n on input line 13.
LaTeX Font Info:    ... okay on input line 13.
LaTeX Font Info:    Checking defaults for C49/song/m/n on input line 13.
LaTeX Font Info:    ... okay on input line 13.
LaTeX Font Info:    Checking defaults for C60/mj/m/n on input line 13.
LaTeX Font Info:    ... okay on input line 13.
LaTeX Font Info:    Checking defaults for C61/mj/m/n on input line 13.
LaTeX Font Info:    ... okay on input line 13.
LaTeX Font Info:    Checking defaults for C63/mj/m/n on input line 13.
LaTeX Font Info:    ... okay on input line 13.
LaTeX Font Info:    Checking defaults for C64/mj/m/n on input line 13.
LaTeX Font Info:    ... okay on input line 13.
LaTeX Font Info:    Checking defaults for C65/mj/m/n on input line 13.
LaTeX Font Info:    ... okay on input line 13.
LaTeX Font Info:    Checking defaults for C70/song/m/n on input line 13.
LaTeX Font Info:    ... okay on input line 13.
LaTeX Font Info:    Checking defaults for C31/song/m/n on input line 13.
LaTeX Font Info:    ... okay on input line 13.
LaTeX Font Info:    Checking defaults for C32/song/m/n on input line 13.
LaTeX Font Info:    ... okay on input line 13.
LaTeX Font Info:    Checking defaults for C33/song/m/n on input line 13.
LaTeX Font Info:    ... okay on input line 13.
LaTeX Font Info:    Checking defaults for C34/song/m/n on input line 13.
LaTeX Font Info:    ... okay on input line 13.
LaTeX Font Info:    Checking defaults for C35/song/m/n on input line 13.
LaTeX Font Info:    ... okay on input line 13.
LaTeX Font Info:    Checking defaults for C36/song/m/n on input line 13.
LaTeX Font Info:    ... okay on input line 13.
LaTeX Font Info:    Checking defaults for C37/song/m/n on input line 13.
LaTeX Font Info:    ... okay on input line 13.
LaTeX Font Info:    Checking defaults for C80/song/m/n on input line 13.
LaTeX Font Info:    ... okay on input line 13.
LaTeX Font Info:    Checking defaults for C81/song/m/n on input line 13.
LaTeX Font Info:    ... okay on input line 13.
LaTeX Font Info:    Checking defaults for C01/song/m/n on input line 13.
LaTeX Font Info:    ... okay on input line 13.
LaTeX Font Info:    Checking defaults for C11/song/m/n on input line 13.
LaTeX Font Info:    ... okay on input line 13.
LaTeX Font Info:    Checking defaults for C21/song/m/n on input line 13.
LaTeX Font Info:    ... okay on input line 13.
LaTeX Font Info:    Checking defaults for C41/song/m/n on input line 13.
LaTeX Font Info:    ... okay on input line 13.
LaTeX Font Info:    Checking defaults for C62/song/m/n on input line 13.
LaTeX Font Info:    ... okay on input line 13.
 ABD: EverySelectfont initializing macros
LaTeX Info: Redefining \selectfont on input line 13.
 (d:/texlive/2019/texmf-dist/tex/context/base/mkii/supp-pdf.mkii
[Loading MPS to PDF converter (version 2006.09.02).]
\scratchcounter=\count284
\scratchdimen=\dimen157
\scratchbox=\box57
\nofMPsegments=\count285
\nofMParguments=\count286
\everyMPshowfont=\toks27
\MPscratchCnt=\count287
\MPscratchDim=\dimen158
\MPnumerator=\count288
\makeMPintoPDFobject=\count289
\everyMPtoPDFconversion=\toks28
) (d:/texlive/2019/texmf-dist/tex/latex/epstopdf-pkg/epstopdf-base.sty
Package: epstopdf-base 2020-01-24 v2.11 Base part for package epstopdf
Package epstopdf-base Info: Redefining graphics rule for `.eps' on input line 485.
 (d:/texlive/2019/texmf-dist/tex/latex/latexconfig/epstopdf-sys.cfg
File: epstopdf-sys.cfg 2010/07/13 v1.3 Configuration of (r)epstopdf for TeX Live
))
LaTeX Font Info:    Trying to load font information for C70+rm on input line 14.
 (d:/texlive/2019/texmf-dist/tex/latex/ctex/fd/c70rm.fd
File: c70rm.fd 2019/05/29 v2.4.16 Chinese font definition (CTEX)
)
Package CJKpunct Info: use punctuation spaces for family 'rm' with punctstyle (quanjiao) on input line 14.
 [1

] (e:\CQU\Last\DCGAN\Notebook/Notebook.toc

LaTeX Font Warning: Font shape `OMX/cmex/m/n' in size <10.53937> not available
(Font)              size <10.95> substituted on input line 2.

[2] [3] [4] [5] [6])
\tf@toc=\write3
\openout3 = `Notebook.toc'.

 [7] [8]
Package CJKpunct Info: use punctuation spaces for family 'zhkai' with punctstyle (quanjiao) on input line 85.
 [9] [10] [11] [12] [13] [14] [15]
Missing character: There is no ¸ in font cmr10!
 [16] [17] [18] [19] [20] [21] [22] [23] [24] [25] [26] [27] [28] [29]
Overfull \hbox (22.53453pt too wide) in paragraph at lines 711--712
\C70/rm/m/n/10.53937/60 ' \C70/rm/m/n/10.53937/53 ÿ \C70/rm/m/n/10.53937/63 b \C70/rm/m/n/10.53937/52 0 \C70/rm/m/n/10.53937/65 p \C70/rm/m/n/10.53937/8f t \C70/rm/m/n/10.53937/4e 
 \C70/rm/m/n/10.53937/76 Ñ \C70/rm/m/n/10.53937/95 ^^? \C70/rm/m/n/10.53937/5e ¶\OT1/cmr/m/n/10.53937 =\C70/rm/m/n/10.53937/62 ï \C70/rm/m/n/10.53937/5f q \C70/rm/m/n/10.53937/77 È \C70/rm/m/n/10.53937/96 5 |\C70/rm/m/n/10.53937/ff ^^H|$[]$|	| \C70/rm/m/n/10.53937/54 å \C70/rm/m/n/10.53937/8f Ÿ \C70/rm/m/n/10.53937/4e * \C70/rm/m/n/10.53937/54 ^^Q \C70/rm/m/n/10.53937/91 œ \C70/rm/m/n/10.53937/76 Ñ \C70/rm/m/n/10.53937/57 P \C70/rm/m/n/10.53937/68 ^^G \C70/rm/m/n/10.53937/76 Ñ \C70/rm/m/n/10.53937/4e X \C70/rm/m/n/10.53937/79 Ô\OT1/cmr/m/n/10.53937 =$[]$\C70/rm/m/n/10.53937/54 å$[]$\C70/rm/m/n/10.53937/76 Ñ
 []

[30] [31] [32] [33]
Overfull \hbox (22.89468pt too wide) in paragraph at lines 799--800
\OT1/cmr/m/n/10.53937 Vec-tor Ma-chine, SVM)|\C70/rm/m/n/10.53937/ff ^^L| \C70/rm/m/n/10.53937/67 4 \C70/rm/m/n/10.53937/7d   \C70/rm/m/n/10.53937/8d ^^] \C70/rm/m/n/10.53937/53 ˆ \C70/rm/m/n/10.53937/65 Ø\OT1/cmr/m/n/10.53937 (Naive Bayes)|\C70/rm/m/n/10.53937/ff ^^L| \C70/rm/m/n/10.53937/90 ; \C70/rm/m/n/10.53937/8f ë \C70/rm/m/n/10.53937/56 ﬁ \C70/rm/m/n/10.53937/5f R\OT1/cmr/m/n/10.53937 (Logistic
 []


Overfull \hbox (28.92563pt too wide) in paragraph at lines 799--800
\OT1/cmr/m/n/10.53937 Re-gres-sion)|\C70/rm/m/n/10.53937/ff ^^L| \OT1/cmr/m/n/10.53937 K\C70/rm/m/n/10.53937/8f — \C70/rm/m/n/10.53937/90 ª\OT1/cmr/m/n/10.53937 (K-Nearest Neigh-bor-hood, KNN)|\C70/rm/m/n/10.53937/ff ^^L| \C70/rm/m/n/10.53937/51 ≥ \C70/rm/m/n/10.53937/7b V \C70/rm/m/n/10.53937/68 ^^Q\OT1/cmr/m/n/10.53937 (Decision
 []


Overfull \hbox (28.57422pt too wide) in paragraph at lines 799--800
\OT1/cmr/m/n/10.53937 Tree)|\C70/rm/m/n/10.53937/ff ^^L| \C70/rm/m/n/10.53937/96 è \C70/rm/m/n/10.53937/67 : \C70/rm/m/n/10.53937/68 Ó \C70/rm/m/n/10.53937/67 ó\OT1/cmr/m/n/10.53937 (Random For-est)|\C70/rm/m/n/10.53937/ff ^^L| \OT1/cmr/m/n/10.53937 AdaBoost\C70/rm/m/n/10.53937/4e Â \C70/rm/m/n/10.53937/53   \C70/rm/m/n/10.53937/7e ø \C70/rm/m/n/10.53937/60 ' \C70/rm/m/n/10.53937/52 $ + ^^F \C70/rm/m/n/10.53937/67 ê\OT1/cmr/m/n/10.53937 (Linear
 []

[34] [35] [36] [37]
<figures/error1.png, id=395, 775.698pt x 764.25525pt>
File: figures/error1.png Graphic file (type png)
<use figures/error1.png>
Package pdftex.def Info: figures/error1.png  used on input line 852.
(pdftex.def)             Requested size: 172.5pt x 169.95587pt.
 [38 <e:/CQU/Last/DCGAN/Notebook/figures/error1.png>] [39]
<figures/costfunction1.jpg, id=402, 577.07594pt x 453.49425pt>
File: figures/costfunction1.jpg Graphic file (type jpg)
<use figures/costfunction1.jpg>
Package pdftex.def Info: figures/costfunction1.jpg  used on input line 905.
(pdftex.def)             Requested size: 172.5pt x 135.55801pt.
 [40 <e:/CQU/Last/DCGAN/Notebook/figures/costfunction1.jpg>]
Overfull \hbox (16.6182pt too wide) in paragraph at lines 933--935
 \C70/rm/bx/n/10.53937/5b ˘ \C70/rm/bx/n/10.53937/65 p \C70/rm/bx/n/10.53937/4f < \C70/rm/bx/n/10.53937/71 6 \C70/rm/bx/n/10.53937/4e „ ˜ \C70/rm/bx/n/10.53937/51 ˝ \C70/rm/bx/n/10.53937/65 p\OT1/cmr/bx/n/10.53937 (log-likelihood cost)[] \C70/rm/m/n/10.53937/5b ˘ \C70/rm/m/n/10.53937/65 p \C70/rm/m/n/10.53937/4f < \C70/rm/m/n/10.53937/71 6 \C70/rm/m/n/10.53937/51 ˝ \C70/rm/m/n/10.53937/65 p \C70/rm/m/n/10.53937/5e 8 \C70/rm/m/n/10.53937/75 ( \C70/rm/m/n/10.53937/67 e \C70/rm/m/n/10.53937/4f \ \C70/rm/m/n/10.53937/4e :\OT1/cmr/m/n/10.53937 softmax\C70/rm/m/n/10.53937/56 ﬁ
 []


Overfull \hbox (6.67838pt too wide) in paragraph at lines 937--938
 \C70/rm/bx/n/10.53937/4e : ¿ H ^^M \C70/rm/bx/n/10.53937/75 ( \C70/rm/bx/n/10.53937/4e å \C70/rm/bx/n/10.53937/6b ! \C70/rm/bx/n/10.53937/65 π \C70/rm/bx/n/10.53937/4e „ ˜ \C70/rm/bx/n/10.53937/51 ˝ \C70/rm/bx/n/10.53937/65 p[] \C70/rm/m/n/10.53937/75 1 \C70/rm/m/n/10.53937/4e 
 ^^@ \C70/rm/m/n/10.53937/82 Ç \C70/rm/m/n/10.53937/53 Ô \C70/rm/m/n/10.53937/77 Â|\C70/rm/m/n/10.53937/ff ^^L| \C70/rm/m/n/10.53937/67 C \C70/rm/m/n/10.53937/50 <$\OML/cmm/m/it/10.53937 w$\C70/rm/m/n/10.53937/54 å \C70/rm/m/n/10.53937/50 O \C70/rm/m/n/10.53937/7f n$\OML/cmm/m/it/10.53937 b$\C70/rm/m/n/10.53937/76 Ñ \C70/rm/m/n/10.53937/50 O \C70/rm/m/n/10.53937/5b ¸ \C70/rm/m/n/10.53937/65 p \C70/rm/m/n/10.53937/4e :$[] \OT1/cmr/m/n/10.53937 =
 []

[41] [42] [43]
Overfull \hbox (10.95012pt too wide) detected at line 986
\OML/cmm/m/it/10.53937 L\OT1/cmr/m/n/10.53937 ([]) = \OML/cmm/m/it/10.53937 P\OT1/cmr/m/n/10.53937 (\OML/cmm/m/it/10.53937 y\OMS/cmsy/m/n/10.53937 j[]\OT1/cmr/m/n/10.53937 ; []) = [] \OML/cmm/m/it/10.53937 P\OT1/cmr/m/n/10.53937 (\OML/cmm/m/it/10.53937 y[]\OMS/cmsy/m/n/10.53937 j[][]\OT1/cmr/m/n/10.53937 ; []) = [](\OML/cmm/m/it/10.53937 ^^^\OT1/cmr/m/n/10.53937 (\OML/cmm/m/it/10.53937 z[]\OT1/cmr/m/n/10.53937 ))[]((1 \OMS/cmsy/m/n/10.53937 ^^@ \OML/cmm/m/it/10.53937 ^^^\OT1/cmr/m/n/10.53937 (\OML/cmm/m/it/10.53937 z[]\OT1/cmr/m/n/10.53937 ))[]
 []

[44]
Overfull \hbox (9.40129pt too wide) detected at line 1011
\OML/cmm/m/it/10.53937 J\OT1/cmr/m/n/10.53937 ([]) = \OMS/cmsy/m/n/10.53937 ^^@ [] [] \OML/cmm/m/it/10.53937 y[] []\OT1/cmr/m/n/10.53937 ([][]) + (1 \OMS/cmsy/m/n/10.53937 ^^@ \OML/cmm/m/it/10.53937 y[]\OT1/cmr/m/n/10.53937 ) [](1 \OMS/cmsy/m/n/10.53937 ^^@ [][]\OT1/cmr/m/n/10.53937 ) + [] [] [] [](\OML/cmm/m/it/10.53937 w[]\OT1/cmr/m/n/10.53937 )[]
 []

[45] [46] [47]
Missing character: There is no ≠ in font cmr10!
Missing character: There is no √ in font cmr10!
Missing character: There is no ∆ in font cmr10!
 [48] [49] [50]
Overfull \hbox (33.77898pt too wide) in paragraph at lines 1188--1189
 \C70/rm/bx/n/10.53937/51 w \C70/rm/bx/n/10.53937/4f S \C70/rm/bx/n/10.53937/5b û \C70/rm/bx/n/10.53937/4f ã[] \C70/rm/m/n/10.53937/7b ó \C70/rm/m/n/10.53937/6c ’ \C70/rm/m/n/10.53937/4e - \C70/rm/m/n/10.53937/76 Ñ \C70/rm/m/n/10.53937/5b f \C70/rm/m/n/10.53937/4e ` \C70/rm/m/n/10.53937/73 á |\C70/rm/m/n/10.53937/ff ^^H|\OT1/cmr/m/n/10.53937 learning rate|\C70/rm/m/n/10.53937/ff 	||\C70/rm/m/n/10.53937/30 ^^A| \C70/rm/m/n/10.53937/68 Ø \C70/rm/m/n/10.53937/5e ¶ \C70/rm/m/n/10.53937/4e  \C70/rm/m/n/10.53937/96 M \C70/rm/m/n/10.53937/6c ’ \C70/rm/m/n/10.53937/8f Ì \C70/rm/m/n/10.53937/4e „ \C70/rm/m/n/10.53937/76 Ñ \C70/rm/m/n/10.53937/65 p \C70/rm/m/n/10.53937/91 œ |\C70/rm/m/n/10.53937/ff ^^H|\OT1/cmr/m/n/10.53937 iterations|\C70/rm/m/n/10.53937/ff 	||\C70/rm/m/n/10.53937/30 ^^A|
 []

[51]
<figures/activationfunction1.jpg, id=452, 722.7pt x 326.21875pt>
File: figures/activationfunction1.jpg Graphic file (type jpg)
<use figures/activationfunction1.jpg>
Package pdftex.def Info: figures/activationfunction1.jpg  used on input line 1218.
(pdftex.def)             Requested size: 345.0pt x 155.72705pt.
 [52] [53 <e:/CQU/Last/DCGAN/Notebook/figures/activationfunction1.jpg>] [54]
Overfull \hbox (13.97871pt too wide) in paragraph at lines 1274--1277
\C70/rm/m/n/10.53937/51 v \C70/rm/m/n/10.53937/4e -|\C70/rm/m/n/10.53937/ff ^^L| $\OML/cmm/m/it/10.53937 ^^R[]$\C70/rm/m/n/10.53937/54 å$\OML/cmm/m/it/10.53937 x$\C70/rm/m/n/10.53937/66 / \C70/rm/m/n/10.53937/52 ^^W \C70/rm/m/n/10.53937/54 ^^Q \C70/rm/m/n/10.53937/91 œ|\C70/rm/m/n/10.53937/ff ^^L| $\OML/cmm/m/it/10.53937 ^^R[]x$\C70/rm/m/n/10.53937/53 Ô \C70/rm/m/n/10.53937/80 ˝ \C70/rm/m/n/10.53937/88 ´ \C70/rm/m/n/10.53937/63 b \C70/rm/m/n/10.53937/62 ^^P \C70/rm/m/n/10.53937/51 ˝ \C70/rm/m/n/10.53937/65 p \C70/rm/m/n/10.53937/51 s \C70/rm/m/n/10.53937/4e é$\OML/cmm/m/it/10.53937 x$\C70/rm/m/n/10.53937/76 Ñ \C70/rm/m/n/10.53937/51 ˝ \C70/rm/m/n/10.53937/65 p$\OML/cmm/m/it/10.53937 f[]\OT1/cmr/m/n/10.53937 (\OML/cmm/m/it/10.53937 x\OT1/cmr/m/n/10.53937 )$|\C70/rm/m/n/10.53937/30 ^^B| \C70/rm/m/n/10.53937/90 ^^Z \C70/rm/m/n/10.53937/8f «\OT1/cmr/m/n/10.53937 Softmax\C70/rm/m/n/10.53937/51 ˝
 []

[55] [56]
<figures/normalization1.png, id=475, 749.199pt x 279.444pt>
File: figures/normalization1.png Graphic file (type png)
<use figures/normalization1.png>
Package pdftex.def Info: figures/normalization1.png  used on input line 1328.
(pdftex.def)             Requested size: 172.5pt x 64.33899pt.
 [57]
Overfull \hbox (2.38934pt too wide) in paragraph at lines 1345--1346
\C70/rm/m/n/10.53937/4e õ \C70/rm/m/n/10.53937/5f à \C70/rm/m/n/10.53937/5c ^^O|\C70/rm/m/n/10.53937/30 ^^B| \C70/rm/m/n/10.53937/90 ^^Z \C70/rm/m/n/10.53937/8f « \C70/rm/m/n/10.53937/4e ^^@ õ \C70/rm/m/n/10.53937/65 p \C70/rm/m/n/10.53937/5b f \C70/rm/m/n/10.53937/51 ˝ \C70/rm/m/n/10.53937/65 p|\C70/rm/m/n/10.53937/ff ^^L| \C70/rm/m/n/10.53937/5c ^^F \C70/rm/m/n/10.53937/53 ü \C70/rm/m/n/10.53937/59 À \C70/rm/m/n/10.53937/50 < \C70/rm/m/n/10.53937/8f € \C70/rm/m/n/10.53937/88 L \C70/rm/m/n/10.53937/66   \C70/rm/m/n/10.53937/5c ^^D|\C70/rm/m/n/10.53937/30 ^^B| \C70/rm/m/n/10.53937/8b Â \C70/rm/m/n/10.53937/65 π \C70/rm/m/n/10.53937/6c ’ \C70/rm/m/n/10.53937/53 ^^E \C70/rm/m/n/10.53937/62 Ï$[]$|\C70/rm/m/n/10.53937/30 ^^A|
 []

[58 <e:/CQU/Last/DCGAN/Notebook/figures/normalization1.png>] [59]
<figures/degradation1.jpg, id=487, 390.70969pt x 379.4175pt>
File: figures/degradation1.jpg Graphic file (type jpg)
<use figures/degradation1.jpg>
Package pdftex.def Info: figures/degradation1.jpg  used on input line 1388.
(pdftex.def)             Requested size: 345.0pt x 335.04631pt.
 [60] [61 <e:/CQU/Last/DCGAN/Notebook/figures/degradation1.jpg>] [62]
<figures/dropout1.jpg, id=498, 244.5135pt x 253.54726pt>
File: figures/dropout1.jpg Graphic file (type jpg)
<use figures/dropout1.jpg>
Package pdftex.def Info: figures/dropout1.jpg  used on input line 1427.
(pdftex.def)             Requested size: 207.0021pt x 214.66115pt.
<figures/dropout2.jpg, id=499, 239.6955pt x 255.95625pt>
File: figures/dropout2.jpg Graphic file (type jpg)
<use figures/dropout2.jpg>
Package pdftex.def Info: figures/dropout2.jpg  used on input line 1434.
(pdftex.def)             Requested size: 207.0021pt x 221.0515pt.
 [63 <e:/CQU/Last/DCGAN/Notebook/figures/dropout1.jpg>] [64 <e:/CQU/Last/DCGAN/Notebook/figures/dropout2.jpg>] [65] [66]
Overfull \hbox (2.57109pt too wide) in paragraph at lines 1484--1485
\C70/rm/m/n/10.53937/52 ^^F \C70/rm/m/n/10.53937/67 ê |\C70/rm/m/n/10.53937/ff ^^H|\OT1/cmr/m/n/10.53937 Linear Dis-crim-i-nant Anal-y-sis|\C70/rm/m/n/10.53937/ff ^^L| \OT1/cmr/m/n/10.53937 LDA|\C70/rm/m/n/10.53937/ff 	||^^L| \C70/rm/m/n/10.53937/65 π \C70/rm/m/n/10.53937/5d Ó \C70/rm/m/n/10.53937/52 ^^F \C70/rm/m/n/10.53937/67 ê |\C70/rm/m/n/10.53937/ff ^^H|\OT1/cmr/m/n/10.53937 Analysis
 []

<figures/signal1.jpg, id=515, 722.7pt x 385.44pt>
File: figures/signal1.jpg Graphic file (type jpg)
<use figures/signal1.jpg>
Package pdftex.def Info: figures/signal1.jpg  used on input line 1508.
(pdftex.def)             Requested size: 276.00105pt x 147.198pt.
[67]
<figures/signal2.jpg, id=520, 722.7pt x 407.5225pt>
File: figures/signal2.jpg Graphic file (type jpg)
<use figures/signal2.jpg>
Package pdftex.def Info: figures/signal2.jpg  used on input line 1516.
(pdftex.def)             Requested size: 276.00105pt x 155.63123pt.
<figures/signal3.jpg, id=521, 722.7pt x 297.11pt>
File: figures/signal3.jpg Graphic file (type jpg)
<use figures/signal3.jpg>
Package pdftex.def Info: figures/signal3.jpg  used on input line 1523.
(pdftex.def)             Requested size: 276.00105pt x 113.46512pt.
 [68 <e:/CQU/Last/DCGAN/Notebook/figures/signal1.jpg> <e:/CQU/Last/DCGAN/Notebook/figures/signal2.jpg>]
<figures/signal4.jpg, id=526, 722.7pt x 333.245pt>
File: figures/signal4.jpg Graphic file (type jpg)
<use figures/signal4.jpg>
Package pdftex.def Info: figures/signal4.jpg  used on input line 1530.
(pdftex.def)             Requested size: 276.00105pt x 127.26494pt.
 [69 <e:/CQU/Last/DCGAN/Notebook/figures/signal3.jpg> <e:/CQU/Last/DCGAN/Notebook/figures/signal4.jpg>]
<figures/cnn1.jpg, id=530, 288.07625pt x 316.18124pt>
File: figures/cnn1.jpg Graphic file (type jpg)
<use figures/cnn1.jpg>
Package pdftex.def Info: figures/cnn1.jpg  used on input line 1550.
(pdftex.def)             Requested size: 172.5pt x 189.3339pt.
<figures/cnn2.jpg, id=531, 378.41376pt x 313.17pt>
File: figures/cnn2.jpg Graphic file (type jpg)
<use figures/cnn2.jpg>
Package pdftex.def Info: figures/cnn2.jpg  used on input line 1559.
(pdftex.def)             Requested size: 172.5pt x 142.76016pt.
<figures/cnn3.jpg, id=532, 380.622pt x 402.303pt>
File: figures/cnn3.jpg Graphic file (type jpg)
<use figures/cnn3.jpg>
Package pdftex.def Info: figures/cnn3.jpg  used on input line 1569.
(pdftex.def)             Requested size: 82.80115pt x 87.51247pt.
<figures/cnn4.jpg, id=533, 384.2355pt x 407.121pt>
File: figures/cnn4.jpg Graphic file (type jpg)
<use figures/cnn4.jpg>
Package pdftex.def Info: figures/cnn4.jpg  used on input line 1574.
(pdftex.def)             Requested size: 82.80115pt x 87.72809pt.
 [70 <e:/CQU/Last/DCGAN/Notebook/figures/cnn1.jpg>]
<figures/cnn5.jpg, id=537, 524.96124pt x 314.17375pt>
File: figures/cnn5.jpg Graphic file (type jpg)
<use figures/cnn5.jpg>
Package pdftex.def Info: figures/cnn5.jpg  used on input line 1592.
(pdftex.def)             Requested size: 207.0021pt x 123.88393pt.
 [71 <e:/CQU/Last/DCGAN/Notebook/figures/cnn2.jpg> <e:/CQU/Last/DCGAN/Notebook/figures/cnn3.jpg> <e:/CQU/Last/DCGAN/Notebook/figures/cnn4.jpg>]
<figures/cnn6.jpg, id=541, 722.7pt x 291.0875pt>
File: figures/cnn6.jpg Graphic file (type jpg)
<use figures/cnn6.jpg>
Package pdftex.def Info: figures/cnn6.jpg  used on input line 1608.
(pdftex.def)             Requested size: 207.0021pt x 83.37386pt.
<figures/convolution1.jpg, id=542, 585.18625pt x 461.725pt>
File: figures/convolution1.jpg Graphic file (type jpg)
<use figures/convolution1.jpg>
Package pdftex.def Info: figures/convolution1.jpg  used on input line 1617.
(pdftex.def)             Requested size: 207.0021pt x 163.33228pt.
 [72 <e:/CQU/Last/DCGAN/Notebook/figures/cnn5.jpg> <e:/CQU/Last/DCGAN/Notebook/figures/cnn6.jpg>]
<figures/sequence1.jpg, id=546, 244.915pt x 212.795pt>
File: figures/sequence1.jpg Graphic file (type jpg)
<use figures/sequence1.jpg>
Package pdftex.def Info: figures/sequence1.jpg  used on input line 1633.
(pdftex.def)             Requested size: 103.50105pt x 89.92526pt.
<figures/zeropadding1.jpg, id=547, 288.07625pt x 256.96pt>
File: figures/zeropadding1.jpg Graphic file (type jpg)
<use figures/zeropadding1.jpg>
Package pdftex.def Info: figures/zeropadding1.jpg  used on input line 1640.
(pdftex.def)             Requested size: 172.5pt x 153.87135pt.
 [73 <e:/CQU/Last/DCGAN/Notebook/figures/convolution1.jpg> <e:/CQU/Last/DCGAN/Notebook/figures/sequence1.jpg>]
<figures/maxpooling1.jpg, id=552, 99.37125pt x 79.29625pt>
File: figures/maxpooling1.jpg Graphic file (type jpg)
<use figures/maxpooling1.jpg>
Package pdftex.def Info: figures/maxpooling1.jpg  used on input line 1657.
(pdftex.def)             Requested size: 103.50105pt x 82.59438pt.
<figures/maxpooling2.jpg, id=553, 722.7pt x 368.37625pt>
File: figures/maxpooling2.jpg Graphic file (type jpg)
<use figures/maxpooling2.jpg>
Package pdftex.def Info: figures/maxpooling2.jpg  used on input line 1664.
(pdftex.def)             Requested size: 345.0pt x 175.85178pt.
 [74 <e:/CQU/Last/DCGAN/Notebook/figures/zeropadding1.jpg>]
<figures/fullconnector1.jpg, id=557, 604.2575pt x 175.65625pt>
File: figures/fullconnector1.jpg Graphic file (type jpg)
<use figures/fullconnector1.jpg>
Package pdftex.def Info: figures/fullconnector1.jpg  used on input line 1681.
(pdftex.def)             Requested size: 345.0pt x 100.29128pt.
 [75 <e:/CQU/Last/DCGAN/Notebook/figures/maxpooling1.jpg> <e:/CQU/Last/DCGAN/Notebook/figures/maxpooling2.jpg>]
<figures/fullconnector2.jpg, id=561, 604.2575pt x 340.27126pt>
File: figures/fullconnector2.jpg Graphic file (type jpg)
<use figures/fullconnector2.jpg>
Package pdftex.def Info: figures/fullconnector2.jpg  used on input line 1690.
(pdftex.def)             Requested size: 276.00105pt x 155.42075pt.
 [76 <e:/CQU/Last/DCGAN/Notebook/figures/fullconnector1.jpg> <e:/CQU/Last/DCGAN/Notebook/figures/fullconnector2.jpg>] [77]
Overfull \hbox (10.7957pt too wide) in paragraph at lines 1718--1719
[]$\OML/cmm/m/it/10.53937 a$|\C70/rm/m/n/10.53937/ff ^^L| $\OML/cmm/m/it/10.53937 n=\OT1/cmr/m/n/10.53937 2$|\C70/rm/m/n/10.53937/ff ^^L| $\OML/cmm/m/it/10.53937 k$\C70/rm/m/n/10.53937/52 ^^F + \C70/rm/m/n/10.53937/88 h \C70/rm/m/n/10.53937/79 : \C70/rm/m/n/10.53937/51 ˝ \C70/rm/m/n/10.53937/65 p \C70/rm/m/n/10.53937/4e - \C70/rm/m/n/10.53937/76 Ñ\OT1/cmr/m/n/10.53937 input|\C70/rm/m/n/10.53937/ff ^^L| \OT1/cmr/m/n/10.53937 depth ra-dius|\C70/rm/m/n/10.53937/ff ^^L| \OT1/cmr/m/n/10.53937 bias|\C70/rm/m/n/10.53937/30 ^^B| \C70/rm/m/n/10.53937/53 ¬ \C70/rm/m/n/10.53937/65 p$\OML/cmm/m/it/10.53937 k; n; ; ^^L$\C70/rm/m/n/10.53937/90 ˝
 []


Overfull \hbox (1.68204pt too wide) in paragraph at lines 1719--1720
[]$[]$|\C70/rm/m/n/10.53937/ff ^^Z| $[]$\C70/rm/m/n/10.53937/53 ‡ \C70/rm/m/n/10.53937/52 † \C70/rm/m/n/10.53937/76 Ñ \C70/rm/m/n/10.53937/65 π \C70/rm/m/n/10.53937/54 ^^Q \C70/rm/m/n/10.53937/66 / \C70/rm/m/n/10.53937/6c ø \C70/rm/m/n/10.53937/77 @ \C70/rm/m/n/10.53937/90 ^^Z S \C70/rm/m/n/10.53937/65 π \C70/rm/m/n/10.53937/54 ^^Q \C70/rm/m/n/10.53937/76 Ñ|\C70/rm/m/n/10.53937/ff ^^L| \C70/rm/m/n/10.53937/53 s \C70/rm/m/n/10.53937/6b œ \C70/rm/m/n/10.53937/4e * \C70/rm/m/n/10.53937/70 π \C70/rm/m/n/10.53937/50 < \C70/rm/m/n/10.53937/76 Ñ \C70/rm/m/n/10.53937/5e s \C70/rm/m/n/10.53937/65 π \C70/rm/m/n/10.53937/54 å \C70/rm/m/n/10.53937/66 / \C70/rm/m/n/10.53937/6c ø \C70/rm/m/n/10.53937/77 @$\OML/cmm/m/it/10.53937 a$\C70/rm/m/n/10.53937/4e -
 []

<figures/LRN1.jpg, id=568, 520.94624pt x 134.30174pt>
File: figures/LRN1.jpg Graphic file (type jpg)
<use figures/LRN1.jpg>
Package pdftex.def Info: figures/LRN1.jpg  used on input line 1724.
(pdftex.def)             Requested size: 276.00105pt x 71.15498pt.
<figures/LRN2.png, id=569, 1270.7475pt x 1405.25pt>
File: figures/LRN2.png Graphic file (type png)
<use figures/LRN2.png>
Package pdftex.def Info: figures/LRN2.png  used on input line 1732.
(pdftex.def)             Requested size: 276.00105pt x 305.21056pt.

Overfull \hbox (16.5786pt too wide) in paragraph at lines 1736--1741
[]\C70/rm/m/n/10.53937/4e ^^M \C70/rm/m/n/10.53937/54 ^^L \C70/rm/m/n/10.53937/76 Ñ \C70/rm/m/n/10.53937/98 ú \C70/rm/m/n/10.53937/82 r \C70/rm/m/n/10.53937/88 h \C70/rm/m/n/10.53937/79 : \C70/rm/m/n/10.53937/4e ^^M \C70/rm/m/n/10.53937/54 ^^L \C70/rm/m/n/10.53937/76 Ñ \C70/rm/m/n/10.53937/90 ^^Z S|\C70/rm/m/n/10.53937/ff ^^L| \C70/rm/m/n/10.53937/56 ‡ \C70/rm/m/n/10.53937/6b d\OT1/cmr/m/n/10.53937 N=4|\C70/rm/m/n/10.53937/30 ^^B| \C70/rm/m/n/10.53937/4e ‰ \C70/rm/m/n/10.53937/8d Ö \C70/rm/m/n/10.53937/53 ¬ \C70/rm/m/n/10.53937/65 p$\OT1/cmr/m/n/10.53937 (\OML/cmm/m/it/10.53937 k; ; ^^L; n\OT1/cmr/m/n/10.53937 ) = (0\OML/cmm/m/it/10.53937 ; \OT1/cmr/m/n/10.53937 1\OML/cmm/m/it/10.53937 ; \OT1/cmr/m/n/10.53937 1\OML/cmm/m/it/10.53937 ; \OT1/cmr/m/n/10.53937 2)$|\C70/rm/m/n/10.53937/30 ^^B|
 []

[78 <e:/CQU/Last/DCGAN/Notebook/figures/LRN1.jpg>] [79 <e:/CQU/Last/DCGAN/Notebook/figures/LRN2.png (PNG copy)>] [80] [81] (e:\CQU\Last\DCGAN\Notebook/Notebook.aux)

LaTeX Font Warning: Size substitutions with differences
(Font)              up to 0.41063pt have occurred.

 ) 
Here is how much of TeX's memory you used:
 10637 strings out of 480994
 184710 string characters out of 5916032
 371108 words of memory out of 5000000
 25279 multiletter control sequences out of 15000+600000
 616442 words of font info for 334 fonts, out of 8000000 for 9000
 1141 hyphenation exceptions out of 8191
 45i,20n,56p,1039b,392s stack positions out of 5000i,500n,10000p,200000b,80000s
<c:/Windows/Fonts/simsun.ttc><c:/Windows/Fonts/simsun.ttc><c:/Windows/Fonts/simsun.ttc><c:/Windows/Fonts/simsun.ttc><c:/Windows/Fonts/simsun.ttc><c:/Windows/Fonts/simsun.ttc><c:/Windows/Fonts/simsun.ttc><c:/Windows/Fonts/simhei.ttf><c:/Windows/Fonts/simhei.ttf><c:/Windows/Fonts/simhei.ttf><c:/Windows/Fonts/simhei.ttf><c:/Windows/Fonts/simhei.ttf><c:/Windows/Fonts/simhei.ttf><c:/Windows/Fonts/simhei.ttf><c:/Windows/Fonts/simsun.ttc><c:/Windows/Fonts/simsun.ttc

pdfTeX warning: pdflatex.exe (file c:/Windows/Fonts/simsun.ttc): subfont unisong2f: wrong mapping: character 0 --> 0x2F00 --> .notdef


pdfTeX warning: pdflatex.exe (file c:/Windows/Fonts/simsun.ttc): subfont unisong2f: wrong mapping: character 10 --> 0x2F0A --> .notdef


pdfTeX warning: pdflatex.exe (file c:/Windows/Fonts/simsun.ttc): subfont unisong2f: wrong mapping: character 108 --> 0x2F6C --> .notdef


pdfTeX warning: pdflatex.exe (file c:/Windows/Fonts/simsun.ttc): subfont unisong2f: wrong mapping: character 116 --> 0x2F74 --> .notdef


pdfTeX warning: pdflatex.exe (file c:/Windows/Fonts/simsun.ttc): subfont unisong2f: wrong mapping: character 174 --> 0x2FAE --> .notdef


pdfTeX warning: pdflatex.exe (file c:/Windows/Fonts/simsun.ttc): subfont unisong2f: wrong mapping: character 175 --> 0x2FAF --> .notdef
><c:/Windows/Fonts/simhei.ttf><c:/Windows/Fonts/simhei.ttf><c:/Windows/Fonts/simhei.ttf><c:/Windows/Fonts/simhei.ttf><c:/Windows/Fonts/simsun.ttc><c:/Windows/Fonts/simsun.ttc><c:/Windows/Fonts/simsun.ttc><c:/Windows/Fonts/simsun.ttc><c:/Windows/Fonts/simhei.ttf><c:/Windows/Fonts/simhei.ttf><c:/Windows/Fonts/simsun.ttc><c:/Windows/Fonts/simhei.ttf><c:/Windows/Fonts/simhei.ttf><c:/Windows/Fonts/simsun.ttc><c:/Windows/Fonts/simhei.ttf><c:/Windows/Fonts/simsun.ttc><c:/Windows/Fonts/simsun.ttc><c:/Windows/Fonts/simsun.ttc><c:/Windows/Fonts/simsun.ttc><c:/Windows/Fonts/simsun.ttc><c:/Windows/Fonts/simhei.ttf><c:/Windows/Fonts/simhei.ttf><c:/Windows/Fonts/simkai.ttf><c:/Windows/Fonts/simkai.ttf><c:/Windows/Fonts/simkai.ttf><c:/Windows/Fonts/simkai.ttf><c:/Windows/Fonts/simkai.ttf><c:/Windows/Fonts/simsun.ttc><c:/Windows/Fonts/simkai.ttf><c:/Windows/Fonts/simsun.ttc><c:/Windows/Fonts/simsun.ttc><c:/Windows/Fonts/simsun.ttc><c:/Windows/Fonts/simhei.ttf><c:/Windows/Fonts/simsun.ttc><c:/Windows/Fonts/simhei.ttf><c:/Windows/Fonts/simkai.ttf><c:/Windows/Fonts/simkai.ttf><c:/Windows/Fonts/simkai.ttf><c:/Windows/Fonts/simkai.ttf><c:/Windows/Fonts/simkai.ttf><c:/Windows/Fonts/simkai.ttf><c:/Windows/Fonts/simsun.ttc><c:/Windows/Fonts/simhei.ttf><c:/Windows/Fonts/simhei.ttf><c:/Windows/Fonts/simkai.ttf><c:/Windows/Fonts/simkai.ttf><c:/Windows/Fonts/simkai.ttf><c:/Windows/Fonts/simkai.ttf><c:/Windows/Fonts/simkai.ttf><c:/Windows/Fonts/simkai.ttf><c:/Windows/Fonts/simkai.ttf><c:/Windows/Fonts/simkai.ttf><c:/Windows/Fonts/simkai.ttf><c:/Windows/Fonts/simkai.ttf><c:/Windows/Fonts/simkai.ttf><c:/Windows/Fonts/simkai.ttf><c:/Windows/Fonts/simkai.ttf><c:/Windows/Fonts/simkai.ttf><c:/Windows/Fonts/simkai.ttf><c:/Windows/Fonts/simkai.ttf><c:/Windows/Fonts/simkai.ttf><c:/Windows/Fonts/simkai.ttf><c:/Windows/Fonts/simhei.ttf><c:/Windows/Fonts/simhei.ttf><c:/Windows/Fonts/simsun.ttc><c:/Windows/Fonts/simhei.ttf><c:/Windows/Fonts/simhei.ttf><c:/Windows/Fonts/simhei.ttf><c:/Windows/Fonts/simhei.ttf><c:/Windows/Fonts/simhei.ttf><c:/Windows/Fonts/simhei.ttf><c:/Windows/Fonts/simhei.ttf><c:/Windows/Fonts/simhei.ttf><c:/Windows/Fonts/simhei.ttf><c:/Windows/Fonts/simhei.ttf><c:/Windows/Fonts/simhei.ttf><c:/Windows/Fonts/simhei.ttf><c:/Windows/Fonts/simhei.ttf><c:/Windows/Fonts/simhei.ttf><c:/Windows/Fonts/simhei.ttf><c:/Windows/Fonts/simhei.ttf><c:/Windows/Fonts/simhei.ttf><c:/Windows/Fonts/simhei.ttf><c:/Windows/Fonts/simhei.ttf><c:/Windows/Fonts/simhei.ttf><c:/Windows/Fonts/simhei.ttf><c:/Windows/Fonts/simhei.ttf><c:/Windows/Fonts/simhei.ttf>{d:/texlive/2019/texmf-dist/fonts/enc/dvips/cm-super/cm-super-ts1.enc}<c:/Windows/Fonts/simhei.ttf><c:/Windows/Fonts/simhei.ttf><c:/Windows/Fonts/simhei.ttf><c:/Windows/Fonts/simhei.ttf><c:/Windows/Fonts/simhei.ttf><c:/Windows/Fonts/simsun.ttc><c:/Windows/Fonts/simsun.ttc><c:/Windows/Fonts/simsun.ttc><c:/Windows/Fonts/simsun.ttc><c:/Windows/Fonts/simhei.ttf><c:/Windows/Fonts/simhei.ttf><c:/Windows/Fonts/simhei.ttf><c:/Windows/Fonts/simsun.ttc><c:/Windows/Fonts/simsun.ttc><c:/Windows/Fonts/simsun.ttc><c:/Windows/Fonts/simsun.ttc><c:/Windows/Fonts/simsun.ttc><c:/Windows/Fonts/simhei.ttf><c:/Windows/Fonts/simsun.ttc><c:/Windows/Fonts/simsun.ttc><c:/Windows/Fonts/simsun.ttc><c:/Windows/Fonts/simsun.ttc><c:/Windows/Fonts/simhei.ttf><c:/Windows/Fonts/simhei.ttf><c:/Windows/Fonts/simhei.ttf><c:/Windows/Fonts/simsun.ttc><c:/Windows/Fonts/simsun.ttc><c:/Windows/Fonts/simsun.ttc><c:/Windows/Fonts/simsun.ttc><c:/Windows/Fonts/simsun.ttc><c:/Windows/Fonts/simsun.ttc><c:/Windows/Fonts/simsun.ttc><c:/Windows/Fonts/simsun.ttc><c:/Windows/Fonts/simsun.ttc><c:/Windows/Fonts/simhei.ttf><c:/Windows/Fonts/simhei.ttf><c:/Windows/Fonts/simhei.ttf><c:/Windows/Fonts/simhei.ttf><c:/Windows/Fonts/simsun.ttc><c:/Windows/Fonts/simsun.ttc><c:/Windows/Fonts/simsun.ttc><c:/Windows/Fonts/simsun.ttc><c:/Windows/Fonts/simsun.ttc><c:/Windows/Fonts/simsun.ttc><c:/Windows/Fonts/simsun.ttc><c:/Windows/Fonts/simsun.ttc><c:/Windows/Fonts/simsun.ttc><c:/Windows/Fonts/simsun.ttc><c:/Windows/Fonts/simsun.ttc><c:/Windows/Fonts/simsun.ttc><c:/Windows/Fonts/simsun.ttc><c:/Windows/Fonts/simsun.ttc><c:/Windows/Fonts/simsun.ttc><c:/Windows/Fonts/simsun.ttc><c:/Windows/Fonts/simsun.ttc><c:/Windows/Fonts/simsun.ttc><c:/Windows/Fonts/simsun.ttc><c:/Windows/Fonts/simsun.ttc><c:/Windows/Fonts/simsun.ttc><c:/Windows/Fonts/simsun.ttc><c:/Windows/Fonts/simsun.ttc><c:/Windows/Fonts/simhei.ttf><c:/Windows/Fonts/simhei.ttf><c:/Windows/Fonts/simhei.ttf><c:/Windows/Fonts/simhei.ttf><c:/Windows/Fonts/simhei.ttf><c:/Windows/Fonts/simhei.ttf><c:/Windows/Fonts/simsun.ttc><c:/Windows/Fonts/simsun.ttc><c:/Windows/Fonts/simsun.ttc><c:/Windows/Fonts/simsun.ttc><c:/Windows/Fonts/simsun.ttc><c:/Windows/Fonts/simsun.ttc><c:/Windows/Fonts/simsun.ttc><c:/Windows/Fonts/simsun.ttc><c:/Windows/Fonts/simsun.ttc><c:/Windows/Fonts/simsun.ttc><c:/Windows/Fonts/simsun.ttc><c:/Windows/Fonts/simsun.ttc><c:/Windows/Fonts/simsun.ttc><c:/Windows/Fonts/simsun.ttc><c:/Windows/Fonts/simsun.ttc><c:/Windows/Fonts/simsun.ttc><c:/Windows/Fonts/simsun.ttc><c:/Windows/Fonts/simsun.ttc><c:/Windows/Fonts/simsun.ttc><c:/Windows/Fonts/simsun.ttc><c:/Windows/Fonts/simsun.ttc><c:/Windows/Fonts/simsun.ttc><c:/Windows/Fonts/simsun.ttc><c:/Windows/Fonts/simsun.ttc><c:/Windows/Fonts/simsun.ttc><c:/Windows/Fonts/simsun.ttc><d:/texlive/2019/texmf-dist/fonts/type1/public/amsfonts/cm/cmbx10.pfb><d:/texlive/2019/texmf-dist/fonts/type1/public/amsfonts/cm/cmbx12.pfb><d:/texlive/2019/texmf-dist/fonts/type1/public/amsfonts/cm/cmex10.pfb><d:/texlive/2019/texmf-dist/fonts/type1/public/amsfonts/cmextra/cmex7.pfb><d:/texlive/2019/texmf-dist/fonts/type1/public/amsfonts/cm/cmmi10.pfb><d:/texlive/2019/texmf-dist/fonts/type1/public/amsfonts/cm/cmmi12.pfb><d:/texlive/2019/texmf-dist/fonts/type1/public/amsfonts/cm/cmmi5.pfb><d:/texlive/2019/texmf-dist/fonts/type1/public/amsfonts/cm/cmmi7.pfb><d:/texlive/2019/texmf-dist/fonts/type1/public/amsfonts/cm/cmmi8.pfb><d:/texlive/2019/texmf-dist/fonts/type1/public/amsfonts/cm/cmr10.pfb><d:/texlive/2019/texmf-dist/fonts/type1/public/amsfonts/cm/cmr12.pfb><d:/texlive/2019/texmf-dist/fonts/type1/public/amsfonts/cm/cmr5.pfb><d:/texlive/2019/texmf-dist/fonts/type1/public/amsfonts/cm/cmr7.pfb><d:/texlive/2019/texmf-dist/fonts/type1/public/amsfonts/cm/cmsl10.pfb><d:/texlive/2019/texmf-dist/fonts/type1/public/amsfonts/cm/cmsy10.pfb><d:/texlive/2019/texmf-dist/fonts/type1/public/amsfonts/cm/cmsy5.pfb><d:/texlive/2019/texmf-dist/fonts/type1/public/amsfonts/cm/cmsy7.pfb><d:/texlive/2019/texmf-dist/fonts/type1/public/amsfonts/cm/cmti10.pfb><d:/texlive/2019/texmf-dist/fonts/type1/public/cm-super/sfrm1000.pfb>
Output written on e:\CQU\Last\DCGAN\Notebook/Notebook.pdf (81 pages, 5649978 bytes).
PDF statistics:
 1245 PDF objects out of 1440 (max. 8388607)
 830 compressed objects within 9 object streams
 0 named destinations out of 1000 (max. 500000)
 455 words of extra memory for PDF output out of 10000 (max. 10000000)

